Added Component: Designator=C7(CAPACITOR 1608 REFLOW)
Add component (AddParameter): Name = "Value"; Value = "10uF"; VariantName = "[No Variations]"
Added Component: Designator=C8(CAPACITOR 1608 REFLOW)
Add component (AddParameter): Name = "Value"; Value = "1uF"; VariantName = "[No Variations]"
Added Component: Designator=C9(CAPACITOR 1608 REFLOW)
Add component (AddParameter): Name = "Value"; Value = "100nF"; VariantName = "[No Variations]"
Added Component: Designator=C10(CAPACITOR 1608 REFLOW)
Add component (AddParameter): Name = "Value"; Value = "100nF"; VariantName = "[No Variations]"
Added Pin To Net: NetName=3V3 Pin=C7-1
Added Pin To Net: NetName=GND Pin=C7-2
Added Pin To Net: NetName=3V3 Pin=C8-1
Added Pin To Net: NetName=GND Pin=C8-2
Added Pin To Net: NetName=3V3 Pin=C9-1
Added Pin To Net: NetName=GND Pin=C9-2
Added Pin To Net: NetName=3V3 Pin=C10-1
Added Pin To Net: NetName=GND Pin=C10-2
Added Member To Class: ClassName=stm32LoRaAccel Member=Component C7 10uF
Added Member To Class: ClassName=stm32LoRaAccel Member=Component C8 1uF
Added Member To Class: ClassName=stm32LoRaAccel Member=Component C9 100nF
Added Member To Class: ClassName=stm32LoRaAccel Member=Component C10 100nF
